-------------------------------------------------------------------------------
Test set: ProyectoCNYT.Proyecto_NumeroComplejoTest
-------------------------------------------------------------------------------
Tests run: 7, Failures: 1, Errors: 0, Skipped: 0, Time elapsed: 0.079 s <<< FAILURE! - in ProyectoCNYT.Proyecto_NumeroComplejoTest
Carteciana_Polares(ProyectoCNYT.Proyecto_NumeroComplejoTest)  Time elapsed: 0 s  <<< FAILURE!
java.lang.AssertionError
	at ProyectoCNYT.Proyecto_NumeroComplejoTest.Carteciana_Polares(Proyecto_NumeroComplejoTest.java:84)

