-------------------------------------------------------------------------------
Test set: ProyectoCNYT.MatrizTest
-------------------------------------------------------------------------------
Tests run: 9, Failures: 1, Errors: 0, Skipped: 0, Time elapsed: 0.094 s <<< FAILURE! - in ProyectoCNYT.MatrizTest
EsHermitianaTest(ProyectoCNYT.MatrizTest)  Time elapsed: 0.016 s  <<< FAILURE!
java.lang.AssertionError
	at ProyectoCNYT.MatrizTest.EsHermitianaTest(MatrizTest.java:130)

