<?xml version="1.0" encoding="UTF-8"?>
<testsuite xmlns:xsi="http://www.w3.org/2001/XMLSchema-instance" xsi:noNamespaceSchemaLocation="https://maven.apache.org/surefire/maven-surefire-plugin/xsd/surefire-test-report.xsd" name="ProyectoCNYT.VectorTest" time="0" tests="6" errors="0" skipped="0" failures="0">
  <properties>
[...]
</properties>
  <testcase name="NormaTest" classname="ProyectoCNYT.VectorTest" time="0"/>
  <testcase name="InnerProductTest" classname="ProyectoCNYT.VectorTest" time="0"/>
  <testcase name="AdicionTest" classname="ProyectoCNYT.VectorTest" time="0"/>
  <testcase name="InversoTest" classname="ProyectoCNYT.VectorTest" time="0"/>
  <testcase name="ConjugadoTest" classname="ProyectoCNYT.VectorTest" time="0"/>
  <testcase name="MultiplicacionEscalarTest" classname="ProyectoCNYT.VectorTest" time="0"/>
</testsuite>