<?xml version="1.0" encoding="UTF-8"?>
<testsuite xmlns:xsi="http://www.w3.org/2001/XMLSchema-instance" xsi:noNamespaceSchemaLocation="https://maven.apache.org/surefire/maven-surefire-plugin/xsd/surefire-test-report.xsd" name="ProyectoCNYT.Proyecto_NumeroComplejoTest" time="0.079" tests="7" errors="0" skipped="0" failures="1">
  <properties>
[...]
</properties>
  <testcase name="MultiplicarTest" classname="ProyectoCNYT.Proyecto_NumeroComplejoTest" time="0.016"/>
  <testcase name="SumarTest" classname="ProyectoCNYT.Proyecto_NumeroComplejoTest" time="0"/>
  <testcase name="RestarTest" classname="ProyectoCNYT.Proyecto_NumeroComplejoTest" time="0"/>
  <testcase name="DividirTest" classname="ProyectoCNYT.Proyecto_NumeroComplejoTest" time="0"/>
  <testcase name="Carteciana_Polares" classname="ProyectoCNYT.Proyecto_NumeroComplejoTest" time="0">
    <failure type="java.lang.AssertionError">java.lang.AssertionError
	at ProyectoCNYT.Proyecto_NumeroComplejoTest.Carteciana_Polares(Proyecto_NumeroComplejoTest.java:84)
</failure>
  </testcase>
  <testcase name="ConjugadoTest" classname="ProyectoCNYT.Proyecto_NumeroComplejoTest" time="0"/>
  <testcase name="ModuloTest" classname="ProyectoCNYT.Proyecto_NumeroComplejoTest" time="0"/>
</testsuite>