<?xml version="1.0" encoding="UTF-8"?>
<testsuite xmlns:xsi="http://www.w3.org/2001/XMLSchema-instance" xsi:noNamespaceSchemaLocation="https://maven.apache.org/surefire/maven-surefire-plugin/xsd/surefire-test-report.xsd" name="ProyectoCNYT.MatrizTest" time="0.094" tests="9" errors="0" skipped="0" failures="1">
  <properties>
[...]
</properties>
  <testcase name="AdjuntaTest" classname="ProyectoCNYT.MatrizTest" time="0.016"/>
  <testcase name="AdicionTest" classname="ProyectoCNYT.MatrizTest" time="0"/>
  <testcase name="TranspuestaTest" classname="ProyectoCNYT.MatrizTest" time="0"/>
  <testcase name="AccionSobreVectorTest" classname="ProyectoCNYT.MatrizTest" time="0"/>
  <testcase name="InversaTest" classname="ProyectoCNYT.MatrizTest" time="0"/>
  <testcase name="ConjugadaTest" classname="ProyectoCNYT.MatrizTest" time="0"/>
  <testcase name="ProductoTest" classname="ProyectoCNYT.MatrizTest" time="0"/>
  <testcase name="EsHermitianaTest" classname="ProyectoCNYT.MatrizTest" time="0.016">
    <failure type="java.lang.AssertionError">java.lang.AssertionError
	at ProyectoCNYT.MatrizTest.EsHermitianaTest(MatrizTest.java:130)
</failure>
    <system-out><![CDATA[------------------------Matriz--------------------------
----------VECTOR------------
3.0 2.0

1.0 0.0

4.0 -1.0

----------------------------

----------VECTOR------------
0.0 0.0

4.0 2.0

0.0 0.0

----------------------------

----------VECTOR------------
5.0 -6.0

0.0 1.0

0.0 4.0

----------------------------

true
------------------------Matriz--------------------------
----------VECTOR------------
3.0 -2.0

0.0 -0.0

5.0 6.0

----------------------------

----------VECTOR------------
1.0 -0.0

4.0 -2.0

0.0 -1.0

----------------------------

----------VECTOR------------
4.0 1.0

0.0 -0.0

0.0 -4.0

----------------------------

]]></system-out>
  </testcase>
  <testcase name="MultiplicacionEscalarTest" classname="ProyectoCNYT.MatrizTest" time="0"/>
</testsuite>